2025-04-01 13:35:17,801 DEBUG    root            Loaded Command Group: ['gcloud', 'components']
2025-04-01 13:35:17,804 DEBUG    root            Loaded Command Group: ['gcloud', 'components', 'update']
2025-04-01 13:35:17,806 DEBUG    root            Running [gcloud.components.update] with arguments: [--compile-python: "True", --quiet: "True", COMPONENT-IDS:6: "['core', 'gcloud-deps', 'bq', 'gcloud', 'gcloud-crc32c', 'gsutil']"]
2025-04-01 13:35:17,807 INFO     ___FILE_ONLY___ Beginning update. This process may take several minutes.

2025-04-01 13:35:17,840 DEBUG    urllib3.connectionpool Starting new HTTPS connection (1): dl.google.com:443
2025-04-01 13:35:18,892 DEBUG    urllib3.connectionpool https://dl.google.com:443 "GET /dl/cloudsdk/channels/rapid/components-2.json HTTP/11" 200 226135
2025-04-01 13:35:18,903 INFO     ___FILE_ONLY___ 

2025-04-01 13:35:18,904 INFO     ___FILE_ONLY___ 
Your current Google Cloud CLI version is: 517.0.0

2025-04-01 13:35:18,904 INFO     ___FILE_ONLY___ Installing components from version: 517.0.0

2025-04-01 13:35:18,904 INFO     ___FILE_ONLY___ 

2025-04-01 13:35:18,904 DEBUG    root            Chosen display Format:table[box,title="These components will be removed."](details.display_name:label=Name:align=left,version.version_string:label=Version:align=right,data.size.size(zero="",min=1048576):label=Size:align=right)
2025-04-01 13:35:18,905 DEBUG    root            Chosen display Format:table[box,title="These components will be updated."](details.display_name:label=Name:align=left,version.version_string:label=Version:align=right,data.size.size(zero="",min=1048576):label=Size:align=right)
2025-04-01 13:35:18,905 DEBUG    root            Chosen display Format:table[box,title="These components will be installed."](details.display_name:label=Name:align=left,version.version_string:label=Version:align=right,data.size.size(zero="",min=1048576):label=Size:align=right)
2025-04-01 13:35:18,941 INFO     ___FILE_ONLY___ ┌─────────────────────────────────────────────────────────────────────────────┐
2025-04-01 13:35:18,942 INFO     ___FILE_ONLY___ 

2025-04-01 13:35:18,942 INFO     ___FILE_ONLY___ │                     These components will be installed.                     │
2025-04-01 13:35:18,942 INFO     ___FILE_ONLY___ 

2025-04-01 13:35:18,942 INFO     ___FILE_ONLY___ ├─────────────────────────────────────────────────────┬────────────┬──────────┤
2025-04-01 13:35:18,942 INFO     ___FILE_ONLY___ 

2025-04-01 13:35:18,942 INFO     ___FILE_ONLY___ │                         Name                        │  Version   │   Size   │
2025-04-01 13:35:18,942 INFO     ___FILE_ONLY___ 

2025-04-01 13:35:18,942 INFO     ___FILE_ONLY___ ├─────────────────────────────────────────────────────┼────────────┼──────────┤
2025-04-01 13:35:18,942 INFO     ___FILE_ONLY___ 

2025-04-01 13:35:18,942 INFO     ___FILE_ONLY___ │ 
2025-04-01 13:35:18,942 INFO     ___FILE_ONLY___ BigQuery Command Line Tool                         
2025-04-01 13:35:18,942 INFO     ___FILE_ONLY___  
2025-04-01 13:35:18,942 INFO     ___FILE_ONLY___ │ 
2025-04-01 13:35:18,942 INFO     ___FILE_ONLY___     2.1.14
2025-04-01 13:35:18,943 INFO     ___FILE_ONLY___  
2025-04-01 13:35:18,943 INFO     ___FILE_ONLY___ │ 
2025-04-01 13:35:18,943 INFO     ___FILE_ONLY___  1.8 MiB
2025-04-01 13:35:18,943 INFO     ___FILE_ONLY___  
2025-04-01 13:35:18,943 INFO     ___FILE_ONLY___ │
2025-04-01 13:35:18,943 INFO     ___FILE_ONLY___ 

2025-04-01 13:35:18,943 INFO     ___FILE_ONLY___ │ 
2025-04-01 13:35:18,943 INFO     ___FILE_ONLY___ BigQuery Command Line Tool (Platform Specific)     
2025-04-01 13:35:18,943 INFO     ___FILE_ONLY___  
2025-04-01 13:35:18,943 INFO     ___FILE_ONLY___ │ 
2025-04-01 13:35:18,943 INFO     ___FILE_ONLY___      2.1.8
2025-04-01 13:35:18,943 INFO     ___FILE_ONLY___  
2025-04-01 13:35:18,944 INFO     ___FILE_ONLY___ │ 
2025-04-01 13:35:18,944 INFO     ___FILE_ONLY___  < 1 MiB
2025-04-01 13:35:18,944 INFO     ___FILE_ONLY___  
2025-04-01 13:35:18,944 INFO     ___FILE_ONLY___ │
2025-04-01 13:35:18,944 INFO     ___FILE_ONLY___ 

2025-04-01 13:35:18,944 INFO     ___FILE_ONLY___ │ 
2025-04-01 13:35:18,944 INFO     ___FILE_ONLY___ Bundled Python 3.12 (Platform Specific)            
2025-04-01 13:35:18,944 INFO     ___FILE_ONLY___  
2025-04-01 13:35:18,944 INFO     ___FILE_ONLY___ │ 
2025-04-01 13:35:18,944 INFO     ___FILE_ONLY___     3.12.8
2025-04-01 13:35:18,944 INFO     ___FILE_ONLY___  
2025-04-01 13:35:18,944 INFO     ___FILE_ONLY___ │ 
2025-04-01 13:35:18,944 INFO     ___FILE_ONLY___ 89.2 MiB
2025-04-01 13:35:18,945 INFO     ___FILE_ONLY___  
2025-04-01 13:35:18,945 INFO     ___FILE_ONLY___ │
2025-04-01 13:35:18,945 INFO     ___FILE_ONLY___ 

2025-04-01 13:35:18,945 INFO     ___FILE_ONLY___ │ 
2025-04-01 13:35:18,945 INFO     ___FILE_ONLY___ Cloud Storage Command Line Tool                    
2025-04-01 13:35:18,945 INFO     ___FILE_ONLY___  
2025-04-01 13:35:18,945 INFO     ___FILE_ONLY___ │ 
2025-04-01 13:35:18,945 INFO     ___FILE_ONLY___       5.33
2025-04-01 13:35:18,945 INFO     ___FILE_ONLY___  
2025-04-01 13:35:18,945 INFO     ___FILE_ONLY___ │ 
2025-04-01 13:35:18,945 INFO     ___FILE_ONLY___ 11.8 MiB
2025-04-01 13:35:18,945 INFO     ___FILE_ONLY___  
2025-04-01 13:35:18,946 INFO     ___FILE_ONLY___ │
2025-04-01 13:35:18,946 INFO     ___FILE_ONLY___ 

2025-04-01 13:35:18,946 INFO     ___FILE_ONLY___ │ 
2025-04-01 13:35:18,946 INFO     ___FILE_ONLY___ Cloud Storage Command Line Tool (Platform Specific)
2025-04-01 13:35:18,946 INFO     ___FILE_ONLY___  
2025-04-01 13:35:18,946 INFO     ___FILE_ONLY___ │ 
2025-04-01 13:35:18,946 INFO     ___FILE_ONLY___       5.30
2025-04-01 13:35:18,946 INFO     ___FILE_ONLY___  
2025-04-01 13:35:18,946 INFO     ___FILE_ONLY___ │ 
2025-04-01 13:35:18,946 INFO     ___FILE_ONLY___  < 1 MiB
2025-04-01 13:35:18,946 INFO     ___FILE_ONLY___  
2025-04-01 13:35:18,946 INFO     ___FILE_ONLY___ │
2025-04-01 13:35:18,946 INFO     ___FILE_ONLY___ 

2025-04-01 13:35:18,946 INFO     ___FILE_ONLY___ │ 
2025-04-01 13:35:18,947 INFO     ___FILE_ONLY___ Google Cloud CLI Core Libraries (Platform Specific)
2025-04-01 13:35:18,947 INFO     ___FILE_ONLY___  
2025-04-01 13:35:18,947 INFO     ___FILE_ONLY___ │ 
2025-04-01 13:35:18,947 INFO     ___FILE_ONLY___ 2024.08.30
2025-04-01 13:35:18,947 INFO     ___FILE_ONLY___  
2025-04-01 13:35:18,947 INFO     ___FILE_ONLY___ │ 
2025-04-01 13:35:18,947 INFO     ___FILE_ONLY___  < 1 MiB
2025-04-01 13:35:18,947 INFO     ___FILE_ONLY___  
2025-04-01 13:35:18,947 INFO     ___FILE_ONLY___ │
2025-04-01 13:35:18,947 INFO     ___FILE_ONLY___ 

2025-04-01 13:35:18,947 INFO     ___FILE_ONLY___ │ 
2025-04-01 13:35:18,947 INFO     ___FILE_ONLY___ Google Cloud CRC32C Hash Tool (Platform Specific)  
2025-04-01 13:35:18,948 INFO     ___FILE_ONLY___  
2025-04-01 13:35:18,948 INFO     ___FILE_ONLY___ │ 
2025-04-01 13:35:18,948 INFO     ___FILE_ONLY___      1.0.0
2025-04-01 13:35:18,948 INFO     ___FILE_ONLY___  
2025-04-01 13:35:18,948 INFO     ___FILE_ONLY___ │ 
2025-04-01 13:35:18,948 INFO     ___FILE_ONLY___  1.4 MiB
2025-04-01 13:35:18,948 INFO     ___FILE_ONLY___  
2025-04-01 13:35:18,948 INFO     ___FILE_ONLY___ │
2025-04-01 13:35:18,948 INFO     ___FILE_ONLY___ 

2025-04-01 13:35:18,948 INFO     ___FILE_ONLY___ │ 
2025-04-01 13:35:18,948 INFO     ___FILE_ONLY___ gcloud cli dependencies (Platform Specific)        
2025-04-01 13:35:18,948 INFO     ___FILE_ONLY___  
2025-04-01 13:35:18,948 INFO     ___FILE_ONLY___ │ 
2025-04-01 13:35:18,949 INFO     ___FILE_ONLY___ 2021.04.16
2025-04-01 13:35:18,949 INFO     ___FILE_ONLY___  
2025-04-01 13:35:18,949 INFO     ___FILE_ONLY___ │ 
2025-04-01 13:35:18,949 INFO     ___FILE_ONLY___  < 1 MiB
2025-04-01 13:35:18,949 INFO     ___FILE_ONLY___  
2025-04-01 13:35:18,949 INFO     ___FILE_ONLY___ │
2025-04-01 13:35:18,949 INFO     ___FILE_ONLY___ 

2025-04-01 13:35:18,949 INFO     ___FILE_ONLY___ └─────────────────────────────────────────────────────┴────────────┴──────────┘
2025-04-01 13:35:18,949 INFO     ___FILE_ONLY___ 

2025-04-01 13:35:18,949 INFO     ___FILE_ONLY___ 

2025-04-01 13:35:18,952 DEBUG    urllib3.connectionpool Starting new HTTPS connection (1): dl.google.com:443
2025-04-01 13:35:20,041 DEBUG    urllib3.connectionpool https://dl.google.com:443 "GET /dl/cloudsdk/channels/rapid/RELEASE_NOTES HTTP/11" 200 1390928
2025-04-01 13:35:20,493 INFO     ___FILE_ONLY___ For the latest full release notes, please visit:
  https://cloud.google.com/sdk/release_notes


2025-04-01 13:35:20,493 INFO     ___FILE_ONLY___ Performing in place update...


2025-04-01 13:35:20,495 INFO     ___FILE_ONLY___ ╔════════════════════════════════════════════════════════════╗

2025-04-01 13:35:20,496 INFO     ___FILE_ONLY___ ╠═ Downloading: BigQuery Command Line Tool                  ═╣

2025-04-01 13:35:20,496 INFO     ___FILE_ONLY___ ╚
2025-04-01 13:35:20,499 DEBUG    urllib3.connectionpool Starting new HTTPS connection (1): dl.google.com:443
2025-04-01 13:35:21,555 DEBUG    urllib3.connectionpool https://dl.google.com:443 "GET /dl/cloudsdk/channels/rapid/components/google-cloud-sdk-bq-20250228155416.tar.gz HTTP/11" 200 1845321
2025-04-01 13:35:21,568 INFO     ___FILE_ONLY___ ═
2025-04-01 13:35:21,568 INFO     ___FILE_ONLY___ ═
2025-04-01 13:35:21,568 INFO     ___FILE_ONLY___ ═
2025-04-01 13:35:21,568 INFO     ___FILE_ONLY___ ═
2025-04-01 13:35:21,568 INFO     ___FILE_ONLY___ ═
2025-04-01 13:35:21,568 INFO     ___FILE_ONLY___ ═
2025-04-01 13:35:21,569 INFO     ___FILE_ONLY___ ═
2025-04-01 13:35:21,569 INFO     ___FILE_ONLY___ ═
2025-04-01 13:35:21,569 INFO     ___FILE_ONLY___ ═
2025-04-01 13:35:21,569 INFO     ___FILE_ONLY___ ═
2025-04-01 13:35:21,569 INFO     ___FILE_ONLY___ ═
2025-04-01 13:35:21,569 INFO     ___FILE_ONLY___ ═
2025-04-01 13:35:21,569 INFO     ___FILE_ONLY___ ═
2025-04-01 13:35:21,569 INFO     ___FILE_ONLY___ ═
2025-04-01 13:35:21,569 INFO     ___FILE_ONLY___ ═
2025-04-01 13:35:21,569 INFO     ___FILE_ONLY___ ═
2025-04-01 13:35:21,569 INFO     ___FILE_ONLY___ ═
2025-04-01 13:35:21,569 INFO     ___FILE_ONLY___ ═
2025-04-01 13:35:21,570 INFO     ___FILE_ONLY___ ═
2025-04-01 13:35:21,570 INFO     ___FILE_ONLY___ ═
2025-04-01 13:35:21,570 INFO     ___FILE_ONLY___ ═
2025-04-01 13:35:21,570 INFO     ___FILE_ONLY___ ═
2025-04-01 13:35:21,570 INFO     ___FILE_ONLY___ ═
2025-04-01 13:35:21,570 INFO     ___FILE_ONLY___ ═
2025-04-01 13:35:21,570 INFO     ___FILE_ONLY___ ═
2025-04-01 13:35:21,570 INFO     ___FILE_ONLY___ ═
2025-04-01 13:35:21,570 INFO     ___FILE_ONLY___ ═
2025-04-01 13:35:21,570 INFO     ___FILE_ONLY___ ═
2025-04-01 13:35:21,570 INFO     ___FILE_ONLY___ ═
2025-04-01 13:35:21,571 INFO     ___FILE_ONLY___ ═
2025-04-01 13:35:21,571 INFO     ___FILE_ONLY___ ═
2025-04-01 13:35:21,571 INFO     ___FILE_ONLY___ ═
2025-04-01 13:35:21,571 INFO     ___FILE_ONLY___ ═
2025-04-01 13:35:21,571 INFO     ___FILE_ONLY___ ═
2025-04-01 13:35:21,571 INFO     ___FILE_ONLY___ ═
2025-04-01 13:35:21,571 INFO     ___FILE_ONLY___ ═
2025-04-01 13:35:21,571 INFO     ___FILE_ONLY___ ═
2025-04-01 13:35:21,571 INFO     ___FILE_ONLY___ ═
2025-04-01 13:35:21,571 INFO     ___FILE_ONLY___ ═
2025-04-01 13:35:21,571 INFO     ___FILE_ONLY___ ═
2025-04-01 13:35:21,572 INFO     ___FILE_ONLY___ ═
2025-04-01 13:35:21,572 INFO     ___FILE_ONLY___ ═
2025-04-01 13:35:21,572 INFO     ___FILE_ONLY___ ═
2025-04-01 13:35:21,572 INFO     ___FILE_ONLY___ ═
2025-04-01 13:35:21,572 INFO     ___FILE_ONLY___ ═
2025-04-01 13:35:21,572 INFO     ___FILE_ONLY___ ═
2025-04-01 13:35:21,572 INFO     ___FILE_ONLY___ ═
2025-04-01 13:35:21,572 INFO     ___FILE_ONLY___ ═
2025-04-01 13:35:21,572 INFO     ___FILE_ONLY___ ═
2025-04-01 13:35:21,572 INFO     ___FILE_ONLY___ ═
2025-04-01 13:35:21,572 INFO     ___FILE_ONLY___ ═
2025-04-01 13:35:21,573 INFO     ___FILE_ONLY___ ═
2025-04-01 13:35:21,573 INFO     ___FILE_ONLY___ ═
2025-04-01 13:35:21,573 INFO     ___FILE_ONLY___ ═
2025-04-01 13:35:21,573 INFO     ___FILE_ONLY___ ═
2025-04-01 13:35:21,573 INFO     ___FILE_ONLY___ ═
2025-04-01 13:35:21,573 INFO     ___FILE_ONLY___ ═
2025-04-01 13:35:21,573 INFO     ___FILE_ONLY___ ═
2025-04-01 13:35:21,573 INFO     ___FILE_ONLY___ ═
2025-04-01 13:35:21,573 INFO     ___FILE_ONLY___ ═
2025-04-01 13:35:21,573 INFO     ___FILE_ONLY___ ╝

2025-04-01 13:35:21,575 INFO     ___FILE_ONLY___ ╔════════════════════════════════════════════════════════════╗

2025-04-01 13:35:21,575 INFO     ___FILE_ONLY___ ╠═ Downloading: BigQuery Command Line Tool (Platform Spe... ═╣

2025-04-01 13:35:21,576 INFO     ___FILE_ONLY___ ╚
2025-04-01 13:35:21,579 DEBUG    urllib3.connectionpool Starting new HTTPS connection (1): dl.google.com:443
2025-04-01 13:35:22,631 DEBUG    urllib3.connectionpool https://dl.google.com:443 "GET /dl/cloudsdk/channels/rapid/components/google-cloud-sdk-bq-nix-20240830134514.tar.gz HTTP/11" 200 1914
2025-04-01 13:35:22,632 INFO     ___FILE_ONLY___ ════════════════════════════════════════════════════════════
2025-04-01 13:35:22,632 INFO     ___FILE_ONLY___ ╝

2025-04-01 13:35:22,634 INFO     ___FILE_ONLY___ ╔════════════════════════════════════════════════════════════╗

2025-04-01 13:35:22,634 INFO     ___FILE_ONLY___ ╠═ Downloading: Bundled Python 3.12                         ═╣

2025-04-01 13:35:22,634 INFO     ___FILE_ONLY___ ╚
2025-04-01 13:35:22,634 INFO     ___FILE_ONLY___ ════════════════════════════════════════════════════════════
2025-04-01 13:35:22,634 INFO     ___FILE_ONLY___ ╝

2025-04-01 13:35:22,636 INFO     ___FILE_ONLY___ ╔════════════════════════════════════════════════════════════╗

2025-04-01 13:35:22,636 INFO     ___FILE_ONLY___ ╠═ Downloading: Bundled Python 3.12 (Platform Specific)     ═╣

2025-04-01 13:35:22,636 INFO     ___FILE_ONLY___ ╚
2025-04-01 13:35:22,639 DEBUG    urllib3.connectionpool Starting new HTTPS connection (1): dl.google.com:443
2025-04-01 13:35:23,730 DEBUG    urllib3.connectionpool https://dl.google.com:443 "GET /dl/cloudsdk/channels/rapid/components/google-cloud-sdk-bundled-python3-unix-linux-x86_64-20250131143518.tar.gz HTTP/11" 200 93520256
2025-04-01 13:35:24,050 INFO     ___FILE_ONLY___ ═
2025-04-01 13:35:24,052 INFO     ___FILE_ONLY___ ═
2025-04-01 13:35:24,054 INFO     ___FILE_ONLY___ ═
2025-04-01 13:35:24,056 INFO     ___FILE_ONLY___ ═
2025-04-01 13:35:24,058 INFO     ___FILE_ONLY___ ═
2025-04-01 13:35:24,060 INFO     ___FILE_ONLY___ ═
2025-04-01 13:35:24,062 INFO     ___FILE_ONLY___ ═
2025-04-01 13:35:24,064 INFO     ___FILE_ONLY___ ═
2025-04-01 13:35:24,065 INFO     ___FILE_ONLY___ ═
2025-04-01 13:35:24,067 INFO     ___FILE_ONLY___ ═
2025-04-01 13:35:24,069 INFO     ___FILE_ONLY___ ═
2025-04-01 13:35:24,071 INFO     ___FILE_ONLY___ ═
2025-04-01 13:35:24,073 INFO     ___FILE_ONLY___ ═
2025-04-01 13:35:24,075 INFO     ___FILE_ONLY___ ═
2025-04-01 13:35:24,077 INFO     ___FILE_ONLY___ ═
2025-04-01 13:35:24,079 INFO     ___FILE_ONLY___ ═
2025-04-01 13:35:24,081 INFO     ___FILE_ONLY___ ═
2025-04-01 13:35:24,082 INFO     ___FILE_ONLY___ ═
2025-04-01 13:35:24,084 INFO     ___FILE_ONLY___ ═
2025-04-01 13:35:24,086 INFO     ___FILE_ONLY___ ═
2025-04-01 13:35:24,088 INFO     ___FILE_ONLY___ ═
2025-04-01 13:35:24,090 INFO     ___FILE_ONLY___ ═
2025-04-01 13:35:24,092 INFO     ___FILE_ONLY___ ═
2025-04-01 13:35:24,094 INFO     ___FILE_ONLY___ ═
2025-04-01 13:35:24,096 INFO     ___FILE_ONLY___ ═
2025-04-01 13:35:24,098 INFO     ___FILE_ONLY___ ═
2025-04-01 13:35:24,099 INFO     ___FILE_ONLY___ ═
2025-04-01 13:35:24,101 INFO     ___FILE_ONLY___ ═
2025-04-01 13:35:24,103 INFO     ___FILE_ONLY___ ═
2025-04-01 13:35:24,105 INFO     ___FILE_ONLY___ ═
2025-04-01 13:35:24,107 INFO     ___FILE_ONLY___ ═
2025-04-01 13:35:24,109 INFO     ___FILE_ONLY___ ═
2025-04-01 13:35:24,111 INFO     ___FILE_ONLY___ ═
2025-04-01 13:35:24,113 INFO     ___FILE_ONLY___ ═
2025-04-01 13:35:24,115 INFO     ___FILE_ONLY___ ═
2025-04-01 13:35:24,116 INFO     ___FILE_ONLY___ ═
2025-04-01 13:35:24,118 INFO     ___FILE_ONLY___ ═
2025-04-01 13:35:24,120 INFO     ___FILE_ONLY___ ═
2025-04-01 13:35:24,122 INFO     ___FILE_ONLY___ ═
2025-04-01 13:35:24,124 INFO     ___FILE_ONLY___ ═
2025-04-01 13:35:24,126 INFO     ___FILE_ONLY___ ═
2025-04-01 13:35:24,128 INFO     ___FILE_ONLY___ ═
2025-04-01 13:35:24,130 INFO     ___FILE_ONLY___ ═
2025-04-01 13:35:24,132 INFO     ___FILE_ONLY___ ═
2025-04-01 13:35:24,134 INFO     ___FILE_ONLY___ ═
2025-04-01 13:35:24,135 INFO     ___FILE_ONLY___ ═
2025-04-01 13:35:24,137 INFO     ___FILE_ONLY___ ═
2025-04-01 13:35:24,139 INFO     ___FILE_ONLY___ ═
2025-04-01 13:35:24,141 INFO     ___FILE_ONLY___ ═
2025-04-01 13:35:24,143 INFO     ___FILE_ONLY___ ═
2025-04-01 13:35:24,145 INFO     ___FILE_ONLY___ ═
2025-04-01 13:35:24,147 INFO     ___FILE_ONLY___ ═
2025-04-01 13:35:24,149 INFO     ___FILE_ONLY___ ═
2025-04-01 13:35:24,151 INFO     ___FILE_ONLY___ ═
2025-04-01 13:35:24,153 INFO     ___FILE_ONLY___ ═
2025-04-01 13:35:24,154 INFO     ___FILE_ONLY___ ═
2025-04-01 13:35:24,156 INFO     ___FILE_ONLY___ ═
2025-04-01 13:35:24,158 INFO     ___FILE_ONLY___ ═
2025-04-01 13:35:24,160 INFO     ___FILE_ONLY___ ═
2025-04-01 13:35:24,162 INFO     ___FILE_ONLY___ ═
2025-04-01 13:35:24,162 INFO     ___FILE_ONLY___ ╝

2025-04-01 13:35:24,165 INFO     ___FILE_ONLY___ ╔════════════════════════════════════════════════════════════╗

2025-04-01 13:35:24,165 INFO     ___FILE_ONLY___ ╠═ Downloading: Cloud Storage Command Line Tool             ═╣

2025-04-01 13:35:24,165 INFO     ___FILE_ONLY___ ╚
2025-04-01 13:35:24,168 DEBUG    urllib3.connectionpool Starting new HTTPS connection (1): dl.google.com:443
2025-04-01 13:35:25,233 DEBUG    urllib3.connectionpool https://dl.google.com:443 "GET /dl/cloudsdk/channels/rapid/components/google-cloud-sdk-gsutil-20241213184646.tar.gz HTTP/11" 200 12368759
2025-04-01 13:35:25,276 INFO     ___FILE_ONLY___ ═
2025-04-01 13:35:25,276 INFO     ___FILE_ONLY___ ═
2025-04-01 13:35:25,277 INFO     ___FILE_ONLY___ ═
2025-04-01 13:35:25,277 INFO     ___FILE_ONLY___ ═
2025-04-01 13:35:25,277 INFO     ___FILE_ONLY___ ═
2025-04-01 13:35:25,278 INFO     ___FILE_ONLY___ ═
2025-04-01 13:35:25,278 INFO     ___FILE_ONLY___ ═
2025-04-01 13:35:25,278 INFO     ___FILE_ONLY___ ═
2025-04-01 13:35:25,278 INFO     ___FILE_ONLY___ ═
2025-04-01 13:35:25,279 INFO     ___FILE_ONLY___ ═
2025-04-01 13:35:25,279 INFO     ___FILE_ONLY___ ═
2025-04-01 13:35:25,279 INFO     ___FILE_ONLY___ ═
2025-04-01 13:35:25,280 INFO     ___FILE_ONLY___ ═
2025-04-01 13:35:25,280 INFO     ___FILE_ONLY___ ═
2025-04-01 13:35:25,280 INFO     ___FILE_ONLY___ ═
2025-04-01 13:35:25,280 INFO     ___FILE_ONLY___ ═
2025-04-01 13:35:25,281 INFO     ___FILE_ONLY___ ═
2025-04-01 13:35:25,281 INFO     ___FILE_ONLY___ ═
2025-04-01 13:35:25,281 INFO     ___FILE_ONLY___ ═
2025-04-01 13:35:25,282 INFO     ___FILE_ONLY___ ═
2025-04-01 13:35:25,282 INFO     ___FILE_ONLY___ ═
2025-04-01 13:35:25,282 INFO     ___FILE_ONLY___ ═
2025-04-01 13:35:25,282 INFO     ___FILE_ONLY___ ═
2025-04-01 13:35:25,283 INFO     ___FILE_ONLY___ ═
2025-04-01 13:35:25,283 INFO     ___FILE_ONLY___ ═
2025-04-01 13:35:25,283 INFO     ___FILE_ONLY___ ═
2025-04-01 13:35:25,284 INFO     ___FILE_ONLY___ ═
2025-04-01 13:35:25,284 INFO     ___FILE_ONLY___ ═
2025-04-01 13:35:25,284 INFO     ___FILE_ONLY___ ═
2025-04-01 13:35:25,285 INFO     ___FILE_ONLY___ ═
2025-04-01 13:35:25,285 INFO     ___FILE_ONLY___ ═
2025-04-01 13:35:25,285 INFO     ___FILE_ONLY___ ═
2025-04-01 13:35:25,285 INFO     ___FILE_ONLY___ ═
2025-04-01 13:35:25,286 INFO     ___FILE_ONLY___ ═
2025-04-01 13:35:25,286 INFO     ___FILE_ONLY___ ═
2025-04-01 13:35:25,286 INFO     ___FILE_ONLY___ ═
2025-04-01 13:35:25,287 INFO     ___FILE_ONLY___ ═
2025-04-01 13:35:25,287 INFO     ___FILE_ONLY___ ═
2025-04-01 13:35:25,287 INFO     ___FILE_ONLY___ ═
2025-04-01 13:35:25,288 INFO     ___FILE_ONLY___ ═
2025-04-01 13:35:25,288 INFO     ___FILE_ONLY___ ═
2025-04-01 13:35:25,288 INFO     ___FILE_ONLY___ ═
2025-04-01 13:35:25,288 INFO     ___FILE_ONLY___ ═
2025-04-01 13:35:25,289 INFO     ___FILE_ONLY___ ═
2025-04-01 13:35:25,289 INFO     ___FILE_ONLY___ ═
2025-04-01 13:35:25,289 INFO     ___FILE_ONLY___ ═
2025-04-01 13:35:25,290 INFO     ___FILE_ONLY___ ═
2025-04-01 13:35:25,290 INFO     ___FILE_ONLY___ ═
2025-04-01 13:35:25,290 INFO     ___FILE_ONLY___ ═
2025-04-01 13:35:25,291 INFO     ___FILE_ONLY___ ═
2025-04-01 13:35:25,291 INFO     ___FILE_ONLY___ ═
2025-04-01 13:35:25,291 INFO     ___FILE_ONLY___ ═
2025-04-01 13:35:25,292 INFO     ___FILE_ONLY___ ═
2025-04-01 13:35:25,292 INFO     ___FILE_ONLY___ ═
2025-04-01 13:35:25,292 INFO     ___FILE_ONLY___ ═
2025-04-01 13:35:25,293 INFO     ___FILE_ONLY___ ═
2025-04-01 13:35:25,293 INFO     ___FILE_ONLY___ ═
2025-04-01 13:35:25,293 INFO     ___FILE_ONLY___ ═
2025-04-01 13:35:25,294 INFO     ___FILE_ONLY___ ═
2025-04-01 13:35:25,294 INFO     ___FILE_ONLY___ ═
2025-04-01 13:35:25,294 INFO     ___FILE_ONLY___ ╝

2025-04-01 13:35:25,296 INFO     ___FILE_ONLY___ ╔════════════════════════════════════════════════════════════╗

2025-04-01 13:35:25,296 INFO     ___FILE_ONLY___ ╠═ Downloading: Cloud Storage Command Line Tool (Platfor... ═╣

2025-04-01 13:35:25,296 INFO     ___FILE_ONLY___ ╚
2025-04-01 13:35:25,299 DEBUG    urllib3.connectionpool Starting new HTTPS connection (1): dl.google.com:443
2025-04-01 13:35:26,358 DEBUG    urllib3.connectionpool https://dl.google.com:443 "GET /dl/cloudsdk/channels/rapid/components/google-cloud-sdk-gsutil-nix-20240830134514.tar.gz HTTP/11" 200 1928
2025-04-01 13:35:26,359 INFO     ___FILE_ONLY___ ════════════════════════════════════════════════════════════
2025-04-01 13:35:26,359 INFO     ___FILE_ONLY___ ╝

2025-04-01 13:35:26,361 INFO     ___FILE_ONLY___ ╔════════════════════════════════════════════════════════════╗

2025-04-01 13:35:26,361 INFO     ___FILE_ONLY___ ╠═ Downloading: Default set of gcloud commands              ═╣

2025-04-01 13:35:26,361 INFO     ___FILE_ONLY___ ╚
2025-04-01 13:35:26,361 INFO     ___FILE_ONLY___ ════════════════════════════════════════════════════════════
2025-04-01 13:35:26,361 INFO     ___FILE_ONLY___ ╝

2025-04-01 13:35:26,363 INFO     ___FILE_ONLY___ ╔════════════════════════════════════════════════════════════╗

2025-04-01 13:35:26,363 INFO     ___FILE_ONLY___ ╠═ Downloading: Google Cloud CLI Core Libraries (Platfor... ═╣

2025-04-01 13:35:26,363 INFO     ___FILE_ONLY___ ╚
2025-04-01 13:35:26,366 DEBUG    urllib3.connectionpool Starting new HTTPS connection (1): dl.google.com:443
2025-04-01 13:35:27,463 DEBUG    urllib3.connectionpool https://dl.google.com:443 "GET /dl/cloudsdk/channels/rapid/components/google-cloud-sdk-core-nix-20240830134514.tar.gz HTTP/11" 200 2306
2025-04-01 13:35:27,464 INFO     ___FILE_ONLY___ ════════════════════════════════════════════════════════════
2025-04-01 13:35:27,464 INFO     ___FILE_ONLY___ ╝

2025-04-01 13:35:27,466 INFO     ___FILE_ONLY___ ╔════════════════════════════════════════════════════════════╗

2025-04-01 13:35:27,466 INFO     ___FILE_ONLY___ ╠═ Downloading: Google Cloud CRC32C Hash Tool               ═╣

2025-04-01 13:35:27,466 INFO     ___FILE_ONLY___ ╚
2025-04-01 13:35:27,466 INFO     ___FILE_ONLY___ ════════════════════════════════════════════════════════════
2025-04-01 13:35:27,466 INFO     ___FILE_ONLY___ ╝

2025-04-01 13:35:27,468 INFO     ___FILE_ONLY___ ╔════════════════════════════════════════════════════════════╗

2025-04-01 13:35:27,468 INFO     ___FILE_ONLY___ ╠═ Downloading: Google Cloud CRC32C Hash Tool (Platform ... ═╣

2025-04-01 13:35:27,468 INFO     ___FILE_ONLY___ ╚
2025-04-01 13:35:27,471 DEBUG    urllib3.connectionpool Starting new HTTPS connection (1): dl.google.com:443
2025-04-01 13:35:28,572 DEBUG    urllib3.connectionpool https://dl.google.com:443 "GET /dl/cloudsdk/channels/rapid/components/google-cloud-sdk-gcloud-crc32c-linux-x86_64-20250110133808.tar.gz HTTP/11" 200 1478989
2025-04-01 13:35:28,582 INFO     ___FILE_ONLY___ ═
2025-04-01 13:35:28,582 INFO     ___FILE_ONLY___ ═
2025-04-01 13:35:28,582 INFO     ___FILE_ONLY___ ═
2025-04-01 13:35:28,582 INFO     ___FILE_ONLY___ ═
2025-04-01 13:35:28,583 INFO     ___FILE_ONLY___ ═
2025-04-01 13:35:28,583 INFO     ___FILE_ONLY___ ═
2025-04-01 13:35:28,583 INFO     ___FILE_ONLY___ ═
2025-04-01 13:35:28,583 INFO     ___FILE_ONLY___ ═
2025-04-01 13:35:28,583 INFO     ___FILE_ONLY___ ═
2025-04-01 13:35:28,583 INFO     ___FILE_ONLY___ ═
2025-04-01 13:35:28,583 INFO     ___FILE_ONLY___ ═
2025-04-01 13:35:28,583 INFO     ___FILE_ONLY___ ═
2025-04-01 13:35:28,583 INFO     ___FILE_ONLY___ ═
2025-04-01 13:35:28,583 INFO     ___FILE_ONLY___ ═
2025-04-01 13:35:28,583 INFO     ___FILE_ONLY___ ═
2025-04-01 13:35:28,584 INFO     ___FILE_ONLY___ ═
2025-04-01 13:35:28,584 INFO     ___FILE_ONLY___ ═
2025-04-01 13:35:28,584 INFO     ___FILE_ONLY___ ═
2025-04-01 13:35:28,584 INFO     ___FILE_ONLY___ ═
2025-04-01 13:35:28,584 INFO     ___FILE_ONLY___ ═
2025-04-01 13:35:28,584 INFO     ___FILE_ONLY___ ═
2025-04-01 13:35:28,584 INFO     ___FILE_ONLY___ ═
2025-04-01 13:35:28,584 INFO     ___FILE_ONLY___ ═
2025-04-01 13:35:28,584 INFO     ___FILE_ONLY___ ═
2025-04-01 13:35:28,584 INFO     ___FILE_ONLY___ ═
2025-04-01 13:35:28,584 INFO     ___FILE_ONLY___ ═
2025-04-01 13:35:28,584 INFO     ___FILE_ONLY___ ═
2025-04-01 13:35:28,584 INFO     ___FILE_ONLY___ ═
2025-04-01 13:35:28,585 INFO     ___FILE_ONLY___ ═
2025-04-01 13:35:28,585 INFO     ___FILE_ONLY___ ═
2025-04-01 13:35:28,585 INFO     ___FILE_ONLY___ ═
2025-04-01 13:35:28,585 INFO     ___FILE_ONLY___ ═
2025-04-01 13:35:28,585 INFO     ___FILE_ONLY___ ═
2025-04-01 13:35:28,585 INFO     ___FILE_ONLY___ ═
2025-04-01 13:35:28,585 INFO     ___FILE_ONLY___ ═
2025-04-01 13:35:28,585 INFO     ___FILE_ONLY___ ═
2025-04-01 13:35:28,585 INFO     ___FILE_ONLY___ ═
2025-04-01 13:35:28,585 INFO     ___FILE_ONLY___ ═
2025-04-01 13:35:28,585 INFO     ___FILE_ONLY___ ═
2025-04-01 13:35:28,585 INFO     ___FILE_ONLY___ ═
2025-04-01 13:35:28,585 INFO     ___FILE_ONLY___ ═
2025-04-01 13:35:28,586 INFO     ___FILE_ONLY___ ═
2025-04-01 13:35:28,586 INFO     ___FILE_ONLY___ ═
2025-04-01 13:35:28,586 INFO     ___FILE_ONLY___ ═
2025-04-01 13:35:28,586 INFO     ___FILE_ONLY___ ═
2025-04-01 13:35:28,586 INFO     ___FILE_ONLY___ ═
2025-04-01 13:35:28,586 INFO     ___FILE_ONLY___ ═
2025-04-01 13:35:28,586 INFO     ___FILE_ONLY___ ═
2025-04-01 13:35:28,586 INFO     ___FILE_ONLY___ ═
2025-04-01 13:35:28,586 INFO     ___FILE_ONLY___ ═
2025-04-01 13:35:28,586 INFO     ___FILE_ONLY___ ═
2025-04-01 13:35:28,586 INFO     ___FILE_ONLY___ ═
2025-04-01 13:35:28,586 INFO     ___FILE_ONLY___ ═
2025-04-01 13:35:28,587 INFO     ___FILE_ONLY___ ═
2025-04-01 13:35:28,587 INFO     ___FILE_ONLY___ ═
2025-04-01 13:35:28,587 INFO     ___FILE_ONLY___ ═
2025-04-01 13:35:28,587 INFO     ___FILE_ONLY___ ═
2025-04-01 13:35:28,587 INFO     ___FILE_ONLY___ ═
2025-04-01 13:35:28,587 INFO     ___FILE_ONLY___ ═
2025-04-01 13:35:28,587 INFO     ___FILE_ONLY___ ═
2025-04-01 13:35:28,587 INFO     ___FILE_ONLY___ ╝

2025-04-01 13:35:28,589 INFO     ___FILE_ONLY___ ╔════════════════════════════════════════════════════════════╗

2025-04-01 13:35:28,589 INFO     ___FILE_ONLY___ ╠═ Downloading: gcloud cli dependencies (Platform Specific) ═╣

2025-04-01 13:35:28,589 INFO     ___FILE_ONLY___ ╚
2025-04-01 13:35:28,592 DEBUG    urllib3.connectionpool Starting new HTTPS connection (1): dl.google.com:443
2025-04-01 13:35:29,671 DEBUG    urllib3.connectionpool https://dl.google.com:443 "GET /dl/cloudsdk/channels/rapid/components/google-cloud-sdk-gcloud-deps-linux-x86_64-20210416153011.tar.gz HTTP/11" 200 104
2025-04-01 13:35:29,673 INFO     ___FILE_ONLY___ ════════════════════════════════════════════════════════════
2025-04-01 13:35:29,673 INFO     ___FILE_ONLY___ ╝

2025-04-01 13:35:29,675 INFO     ___FILE_ONLY___ ╔════════════════════════════════════════════════════════════╗

2025-04-01 13:35:29,675 INFO     ___FILE_ONLY___ ╠═ Installing: BigQuery Command Line Tool                   ═╣

2025-04-01 13:35:29,675 INFO     ___FILE_ONLY___ ╚
2025-04-01 13:35:29,764 INFO     ___FILE_ONLY___ ═
2025-04-01 13:35:29,767 INFO     ___FILE_ONLY___ ═
2025-04-01 13:35:29,769 INFO     ___FILE_ONLY___ ═
2025-04-01 13:35:29,771 INFO     ___FILE_ONLY___ ═
2025-04-01 13:35:29,774 INFO     ___FILE_ONLY___ ═
2025-04-01 13:35:29,776 INFO     ___FILE_ONLY___ ═
2025-04-01 13:35:29,779 INFO     ___FILE_ONLY___ ═
2025-04-01 13:35:29,780 INFO     ___FILE_ONLY___ ═
2025-04-01 13:35:29,783 INFO     ___FILE_ONLY___ ═
2025-04-01 13:35:29,785 INFO     ___FILE_ONLY___ ═
2025-04-01 13:35:29,787 INFO     ___FILE_ONLY___ ═
2025-04-01 13:35:29,789 INFO     ___FILE_ONLY___ ═
2025-04-01 13:35:29,792 INFO     ___FILE_ONLY___ ═
2025-04-01 13:35:29,794 INFO     ___FILE_ONLY___ ═
2025-04-01 13:35:29,796 INFO     ___FILE_ONLY___ ═
2025-04-01 13:35:29,798 INFO     ___FILE_ONLY___ ═
2025-04-01 13:35:29,800 INFO     ___FILE_ONLY___ ═
2025-04-01 13:35:29,802 INFO     ___FILE_ONLY___ ═
2025-04-01 13:35:29,806 INFO     ___FILE_ONLY___ ═
2025-04-01 13:35:29,808 INFO     ___FILE_ONLY___ ═
2025-04-01 13:35:29,810 INFO     ___FILE_ONLY___ ═
2025-04-01 13:35:29,813 INFO     ___FILE_ONLY___ ═
2025-04-01 13:35:29,814 INFO     ___FILE_ONLY___ ═
2025-04-01 13:35:29,816 INFO     ___FILE_ONLY___ ═
2025-04-01 13:35:29,818 INFO     ___FILE_ONLY___ ═
2025-04-01 13:35:29,820 INFO     ___FILE_ONLY___ ═
2025-04-01 13:35:29,822 INFO     ___FILE_ONLY___ ═
2025-04-01 13:35:29,824 INFO     ___FILE_ONLY___ ═
2025-04-01 13:35:29,828 INFO     ___FILE_ONLY___ ═
2025-04-01 13:35:29,830 INFO     ___FILE_ONLY___ ═
2025-04-01 13:35:29,832 INFO     ___FILE_ONLY___ ═
2025-04-01 13:35:29,834 INFO     ___FILE_ONLY___ ═
2025-04-01 13:35:29,837 INFO     ___FILE_ONLY___ ═
2025-04-01 13:35:29,840 INFO     ___FILE_ONLY___ ═
2025-04-01 13:35:29,847 INFO     ___FILE_ONLY___ ═
2025-04-01 13:35:29,852 INFO     ___FILE_ONLY___ ═
2025-04-01 13:35:29,857 INFO     ___FILE_ONLY___ ═
2025-04-01 13:35:29,859 INFO     ___FILE_ONLY___ ═
2025-04-01 13:35:29,862 INFO     ___FILE_ONLY___ ═
2025-04-01 13:35:29,864 INFO     ___FILE_ONLY___ ═
2025-04-01 13:35:29,866 INFO     ___FILE_ONLY___ ═
2025-04-01 13:35:29,868 INFO     ___FILE_ONLY___ ═
2025-04-01 13:35:29,873 INFO     ___FILE_ONLY___ ═
2025-04-01 13:35:29,875 INFO     ___FILE_ONLY___ ═
2025-04-01 13:35:29,877 INFO     ___FILE_ONLY___ ═
2025-04-01 13:35:29,879 INFO     ___FILE_ONLY___ ═
2025-04-01 13:35:29,881 INFO     ___FILE_ONLY___ ═
2025-04-01 13:35:29,883 INFO     ___FILE_ONLY___ ═
2025-04-01 13:35:29,886 INFO     ___FILE_ONLY___ ═
2025-04-01 13:35:29,888 INFO     ___FILE_ONLY___ ═
2025-04-01 13:35:29,890 INFO     ___FILE_ONLY___ ═
2025-04-01 13:35:29,892 INFO     ___FILE_ONLY___ ═
2025-04-01 13:35:29,894 INFO     ___FILE_ONLY___ ═
2025-04-01 13:35:29,896 INFO     ___FILE_ONLY___ ═
2025-04-01 13:35:29,898 INFO     ___FILE_ONLY___ ═
2025-04-01 13:35:29,900 INFO     ___FILE_ONLY___ ═
2025-04-01 13:35:29,902 INFO     ___FILE_ONLY___ ═
2025-04-01 13:35:29,904 INFO     ___FILE_ONLY___ ═
2025-04-01 13:35:29,906 INFO     ___FILE_ONLY___ ═
2025-04-01 13:35:29,908 INFO     ___FILE_ONLY___ ═
2025-04-01 13:35:29,908 INFO     ___FILE_ONLY___ ╝

2025-04-01 13:35:29,916 INFO     ___FILE_ONLY___ ╔════════════════════════════════════════════════════════════╗

2025-04-01 13:35:29,916 INFO     ___FILE_ONLY___ ╠═ Installing: BigQuery Command Line Tool (Platform Spec... ═╣

2025-04-01 13:35:29,916 INFO     ___FILE_ONLY___ ╚
2025-04-01 13:35:29,917 INFO     ___FILE_ONLY___ ════════════════════════════════════════════════════════════
2025-04-01 13:35:29,917 INFO     ___FILE_ONLY___ ╝

2025-04-01 13:35:29,921 INFO     ___FILE_ONLY___ ╔════════════════════════════════════════════════════════════╗

2025-04-01 13:35:29,921 INFO     ___FILE_ONLY___ ╠═ Installing: Bundled Python 3.12                          ═╣

2025-04-01 13:35:29,921 INFO     ___FILE_ONLY___ ╚
2025-04-01 13:35:29,924 INFO     ___FILE_ONLY___ ════════════════════════════════════════════════════════════
2025-04-01 13:35:29,924 INFO     ___FILE_ONLY___ ╝

2025-04-01 13:35:29,926 INFO     ___FILE_ONLY___ ╔════════════════════════════════════════════════════════════╗

2025-04-01 13:35:29,926 INFO     ___FILE_ONLY___ ╠═ Installing: Bundled Python 3.12 (Platform Specific)      ═╣

2025-04-01 13:35:29,926 INFO     ___FILE_ONLY___ ╚
2025-04-01 13:35:32,947 INFO     ___FILE_ONLY___ ═
2025-04-01 13:35:33,429 INFO     ___FILE_ONLY___ ═
2025-04-01 13:35:33,450 INFO     ___FILE_ONLY___ ═
2025-04-01 13:35:33,485 INFO     ___FILE_ONLY___ ═
2025-04-01 13:35:33,507 INFO     ___FILE_ONLY___ ═
2025-04-01 13:35:33,523 INFO     ___FILE_ONLY___ ═
2025-04-01 13:35:33,554 INFO     ___FILE_ONLY___ ═
2025-04-01 13:35:33,574 INFO     ___FILE_ONLY___ ═
2025-04-01 13:35:33,593 INFO     ___FILE_ONLY___ ═
2025-04-01 13:35:33,610 INFO     ___FILE_ONLY___ ═
2025-04-01 13:35:33,626 INFO     ___FILE_ONLY___ ═
2025-04-01 13:35:33,652 INFO     ___FILE_ONLY___ ═
2025-04-01 13:35:33,793 INFO     ___FILE_ONLY___ ═
2025-04-01 13:35:33,811 INFO     ___FILE_ONLY___ ═
2025-04-01 13:35:33,827 INFO     ___FILE_ONLY___ ═
2025-04-01 13:35:33,844 INFO     ___FILE_ONLY___ ═
2025-04-01 13:35:33,858 INFO     ___FILE_ONLY___ ═
2025-04-01 13:35:33,876 INFO     ___FILE_ONLY___ ═
2025-04-01 13:35:33,894 INFO     ___FILE_ONLY___ ═
2025-04-01 13:35:33,915 INFO     ___FILE_ONLY___ ═
2025-04-01 13:35:33,932 INFO     ___FILE_ONLY___ ═
2025-04-01 13:35:34,028 INFO     ___FILE_ONLY___ ═
2025-04-01 13:35:34,050 INFO     ___FILE_ONLY___ ═
2025-04-01 13:35:34,547 INFO     ___FILE_ONLY___ ═
2025-04-01 13:35:34,563 INFO     ___FILE_ONLY___ ═
2025-04-01 13:35:34,578 INFO     ___FILE_ONLY___ ═
2025-04-01 13:35:34,591 INFO     ___FILE_ONLY___ ═
2025-04-01 13:35:34,603 INFO     ___FILE_ONLY___ ═
2025-04-01 13:35:34,615 INFO     ___FILE_ONLY___ ═
2025-04-01 13:35:34,628 INFO     ___FILE_ONLY___ ═
2025-04-01 13:35:34,640 INFO     ___FILE_ONLY___ ═
2025-04-01 13:35:34,652 INFO     ___FILE_ONLY___ ═
2025-04-01 13:35:34,664 INFO     ___FILE_ONLY___ ═
2025-04-01 13:35:34,676 INFO     ___FILE_ONLY___ ═
2025-04-01 13:35:34,688 INFO     ___FILE_ONLY___ ═
2025-04-01 13:35:34,700 INFO     ___FILE_ONLY___ ═
2025-04-01 13:35:34,713 INFO     ___FILE_ONLY___ ═
2025-04-01 13:35:34,725 INFO     ___FILE_ONLY___ ═
2025-04-01 13:35:34,738 INFO     ___FILE_ONLY___ ═
2025-04-01 13:35:34,750 INFO     ___FILE_ONLY___ ═
2025-04-01 13:35:34,763 INFO     ___FILE_ONLY___ ═
2025-04-01 13:35:34,775 INFO     ___FILE_ONLY___ ═
2025-04-01 13:35:34,788 INFO     ___FILE_ONLY___ ═
2025-04-01 13:35:34,801 INFO     ___FILE_ONLY___ ═
2025-04-01 13:35:34,813 INFO     ___FILE_ONLY___ ═
2025-04-01 13:35:34,826 INFO     ___FILE_ONLY___ ═
2025-04-01 13:35:34,838 INFO     ___FILE_ONLY___ ═
2025-04-01 13:35:34,851 INFO     ___FILE_ONLY___ ═
2025-04-01 13:35:34,864 INFO     ___FILE_ONLY___ ═
2025-04-01 13:35:34,877 INFO     ___FILE_ONLY___ ═
2025-04-01 13:35:34,889 INFO     ___FILE_ONLY___ ═
2025-04-01 13:35:34,902 INFO     ___FILE_ONLY___ ═
2025-04-01 13:35:34,914 INFO     ___FILE_ONLY___ ═
2025-04-01 13:35:34,927 INFO     ___FILE_ONLY___ ═
2025-04-01 13:35:34,940 INFO     ___FILE_ONLY___ ═
2025-04-01 13:35:34,952 INFO     ___FILE_ONLY___ ═
2025-04-01 13:35:34,965 INFO     ___FILE_ONLY___ ═
2025-04-01 13:35:34,977 INFO     ___FILE_ONLY___ ═
2025-04-01 13:35:34,990 INFO     ___FILE_ONLY___ ═
2025-04-01 13:35:35,002 INFO     ___FILE_ONLY___ ═
2025-04-01 13:35:35,003 INFO     ___FILE_ONLY___ ╝

2025-04-01 13:35:35,056 INFO     ___FILE_ONLY___ ╔════════════════════════════════════════════════════════════╗

2025-04-01 13:35:35,057 INFO     ___FILE_ONLY___ ╠═ Installing: Cloud Storage Command Line Tool              ═╣

2025-04-01 13:35:35,057 INFO     ___FILE_ONLY___ ╚
2025-04-01 13:35:35,571 INFO     ___FILE_ONLY___ ═
2025-04-01 13:35:35,587 INFO     ___FILE_ONLY___ ═
2025-04-01 13:35:35,607 INFO     ___FILE_ONLY___ ═
2025-04-01 13:35:35,623 INFO     ___FILE_ONLY___ ═
2025-04-01 13:35:35,638 INFO     ___FILE_ONLY___ ═
2025-04-01 13:35:35,650 INFO     ___FILE_ONLY___ ═
2025-04-01 13:35:35,664 INFO     ___FILE_ONLY___ ═
2025-04-01 13:35:35,676 INFO     ___FILE_ONLY___ ═
2025-04-01 13:35:35,690 INFO     ___FILE_ONLY___ ═
2025-04-01 13:35:35,703 INFO     ___FILE_ONLY___ ═
2025-04-01 13:35:35,716 INFO     ___FILE_ONLY___ ═
2025-04-01 13:35:35,727 INFO     ___FILE_ONLY___ ═
2025-04-01 13:35:35,736 INFO     ___FILE_ONLY___ ═
2025-04-01 13:35:35,746 INFO     ___FILE_ONLY___ ═
2025-04-01 13:35:35,756 INFO     ___FILE_ONLY___ ═
2025-04-01 13:35:35,765 INFO     ___FILE_ONLY___ ═
2025-04-01 13:35:35,776 INFO     ___FILE_ONLY___ ═
2025-04-01 13:35:35,786 INFO     ___FILE_ONLY___ ═
2025-04-01 13:35:35,797 INFO     ___FILE_ONLY___ ═
2025-04-01 13:35:35,808 INFO     ___FILE_ONLY___ ═
2025-04-01 13:35:35,820 INFO     ___FILE_ONLY___ ═
2025-04-01 13:35:35,833 INFO     ___FILE_ONLY___ ═
2025-04-01 13:35:35,848 INFO     ___FILE_ONLY___ ═
2025-04-01 13:35:35,858 INFO     ___FILE_ONLY___ ═
2025-04-01 13:35:35,870 INFO     ___FILE_ONLY___ ═
2025-04-01 13:35:35,885 INFO     ___FILE_ONLY___ ═
2025-04-01 13:35:35,902 INFO     ___FILE_ONLY___ ═
2025-04-01 13:35:35,920 INFO     ___FILE_ONLY___ ═
2025-04-01 13:35:35,936 INFO     ___FILE_ONLY___ ═
2025-04-01 13:35:35,956 INFO     ___FILE_ONLY___ ═
2025-04-01 13:35:35,967 INFO     ___FILE_ONLY___ ═
2025-04-01 13:35:35,978 INFO     ___FILE_ONLY___ ═
2025-04-01 13:35:35,995 INFO     ___FILE_ONLY___ ═
2025-04-01 13:35:36,008 INFO     ___FILE_ONLY___ ═
2025-04-01 13:35:36,019 INFO     ___FILE_ONLY___ ═
2025-04-01 13:35:36,029 INFO     ___FILE_ONLY___ ═
2025-04-01 13:35:36,040 INFO     ___FILE_ONLY___ ═
2025-04-01 13:35:36,050 INFO     ___FILE_ONLY___ ═
2025-04-01 13:35:36,061 INFO     ___FILE_ONLY___ ═
2025-04-01 13:35:36,072 INFO     ___FILE_ONLY___ ═
2025-04-01 13:35:36,082 INFO     ___FILE_ONLY___ ═
2025-04-01 13:35:36,095 INFO     ___FILE_ONLY___ ═
2025-04-01 13:35:36,105 INFO     ___FILE_ONLY___ ═
2025-04-01 13:35:36,118 INFO     ___FILE_ONLY___ ═
2025-04-01 13:35:36,133 INFO     ___FILE_ONLY___ ═
2025-04-01 13:35:36,144 INFO     ___FILE_ONLY___ ═
2025-04-01 13:35:36,153 INFO     ___FILE_ONLY___ ═
2025-04-01 13:35:36,164 INFO     ___FILE_ONLY___ ═
2025-04-01 13:35:36,174 INFO     ___FILE_ONLY___ ═
2025-04-01 13:35:36,187 INFO     ___FILE_ONLY___ ═
2025-04-01 13:35:36,203 INFO     ___FILE_ONLY___ ═
2025-04-01 13:35:36,215 INFO     ___FILE_ONLY___ ═
2025-04-01 13:35:36,230 INFO     ___FILE_ONLY___ ═
2025-04-01 13:35:36,243 INFO     ___FILE_ONLY___ ═
2025-04-01 13:35:36,278 INFO     ___FILE_ONLY___ ═
2025-04-01 13:35:36,288 INFO     ___FILE_ONLY___ ═
2025-04-01 13:35:36,298 INFO     ___FILE_ONLY___ ═
2025-04-01 13:35:36,309 INFO     ___FILE_ONLY___ ═
2025-04-01 13:35:36,320 INFO     ___FILE_ONLY___ ═
2025-04-01 13:35:36,334 INFO     ___FILE_ONLY___ ═
2025-04-01 13:35:36,334 INFO     ___FILE_ONLY___ ╝

2025-04-01 13:35:36,364 INFO     ___FILE_ONLY___ ╔════════════════════════════════════════════════════════════╗

2025-04-01 13:35:36,364 INFO     ___FILE_ONLY___ ╠═ Installing: Cloud Storage Command Line Tool (Platform... ═╣

2025-04-01 13:35:36,364 INFO     ___FILE_ONLY___ ╚
2025-04-01 13:35:36,365 INFO     ___FILE_ONLY___ ════════════════════════════════════════════════════════════
2025-04-01 13:35:36,365 INFO     ___FILE_ONLY___ ╝

2025-04-01 13:35:36,370 INFO     ___FILE_ONLY___ ╔════════════════════════════════════════════════════════════╗

2025-04-01 13:35:36,370 INFO     ___FILE_ONLY___ ╠═ Installing: Default set of gcloud commands               ═╣

2025-04-01 13:35:36,370 INFO     ___FILE_ONLY___ ╚
2025-04-01 13:35:36,372 INFO     ___FILE_ONLY___ ════════════════════════════════════════════════════════════
2025-04-01 13:35:36,372 INFO     ___FILE_ONLY___ ╝

2025-04-01 13:35:36,374 INFO     ___FILE_ONLY___ ╔════════════════════════════════════════════════════════════╗

2025-04-01 13:35:36,374 INFO     ___FILE_ONLY___ ╠═ Installing: Google Cloud CLI Core Libraries (Platform... ═╣

2025-04-01 13:35:36,374 INFO     ___FILE_ONLY___ ╚
2025-04-01 13:35:36,375 INFO     ___FILE_ONLY___ ══════════════════════════════
2025-04-01 13:35:36,376 INFO     ___FILE_ONLY___ ══════════════════════════════
2025-04-01 13:35:36,376 INFO     ___FILE_ONLY___ ╝

2025-04-01 13:35:36,380 INFO     ___FILE_ONLY___ ╔════════════════════════════════════════════════════════════╗

2025-04-01 13:35:36,380 INFO     ___FILE_ONLY___ ╠═ Installing: Google Cloud CRC32C Hash Tool                ═╣

2025-04-01 13:35:36,380 INFO     ___FILE_ONLY___ ╚
2025-04-01 13:35:36,382 INFO     ___FILE_ONLY___ ════════════════════════════════════════════════════════════
2025-04-01 13:35:36,382 INFO     ___FILE_ONLY___ ╝

2025-04-01 13:35:36,384 INFO     ___FILE_ONLY___ ╔════════════════════════════════════════════════════════════╗

2025-04-01 13:35:36,384 INFO     ___FILE_ONLY___ ╠═ Installing: Google Cloud CRC32C Hash Tool (Platform S... ═╣

2025-04-01 13:35:36,384 INFO     ___FILE_ONLY___ ╚
2025-04-01 13:35:36,422 INFO     ___FILE_ONLY___ ══════════════════════════════
2025-04-01 13:35:36,423 INFO     ___FILE_ONLY___ ══════════════════════════════
2025-04-01 13:35:36,423 INFO     ___FILE_ONLY___ ╝

2025-04-01 13:35:36,427 INFO     ___FILE_ONLY___ ╔════════════════════════════════════════════════════════════╗

2025-04-01 13:35:36,427 INFO     ___FILE_ONLY___ ╠═ Installing: gcloud cli dependencies (Platform Specific)  ═╣

2025-04-01 13:35:36,427 INFO     ___FILE_ONLY___ ╚
2025-04-01 13:35:36,428 INFO     ___FILE_ONLY___ ════════════════════════════════════════════════════════════
2025-04-01 13:35:36,428 INFO     ___FILE_ONLY___ ╝

2025-04-01 13:35:36,432 DEBUG    root            Updating notification cache...
2025-04-01 13:35:36,433 INFO     ___FILE_ONLY___ 

2025-04-01 13:35:36,434 INFO     ___FILE_ONLY___ Performing post processing steps...
2025-04-01 13:35:36,435 DEBUG    root            Executing command: ['/tools/google-cloud-sdk/bin/gcloud', 'components', 'post-process']
2025-04-01 13:35:44,109 DEBUG    ___FILE_ONLY___ 
2025-04-01 13:35:44,109 DEBUG    ___FILE_ONLY___ 
2025-04-01 13:35:44,224 INFO     root            descriptor_list: [{'universeDomain': 'googleapis.com', 'universeShortName': '', 'authenticationDomain': 'auth.cloud.google.com', 'projectPrefix': '', 'cloudWebDomain': 'cloud.google.com', 'documentationDomain': 'cloud.google.com', 'version': '1.0.0', 'state': 'primary', 'artifactRegistryDomain': 'pkg.dev'}]
2025-04-01 13:35:44,224 INFO     ___FILE_ONLY___ 
Update done!


2025-04-01 13:35:44,227 DEBUG    root            Chosen display Format:none
2025-04-01 13:35:44,227 INFO     root            Display format: "none"
